# AUTHOR: Brian Pankau
# DATE: 6 June 2017
# CLASS: UWLAX DS710 SUMMER 2017 
# ASSIGNMENT: 2 R program 
# OUTPUT:
#

R version 3.4.0 (2017-04-21) -- "You Stupid Darkness"
Copyright (C) 2017 The R Foundation for Statistical Computing
Platform: x86_64-w64-mingw32/x64 (64-bit)

R is free software and comes with ABSOLUTELY NO WARRANTY.
You are welcome to redistribute it under certain conditions.
Type 'license()' or 'licence()' for distribution details.

  Natural language support but running in an English locale

R is a collaborative project with many contributors.
Type 'contributors()' for more information and
'citation()' on how to cite R or R packages in publications.

Type 'demo()' for some demos, 'help()' for on-line help, or
'help.start()' for an HTML browser interface to help.
Type 'q()' to quit R.

[Previously saved workspace restored]

> my_airport = read.csv("C:/Users/bpankau/Documents/GitHub/ds710summer2017assignment2/airport1.csv")
> attach(my_airport)
> airport_count = 0
> passenger_total = 0
> passenger_mean = 0
> for(airport_index in 1:length(Airport)){
+     if (Scheduled_Departures[airport_index] < Performed_Departures[airport_index]){
+         print (Airport[airport_index])
+         airport_count = airport_count + 1
+ passenger_total = passenger_total = Passengers[airport_index]
+     }
+ }
[1] HARTSFIELD INTL
134 Levels: ADAMS FIELD AKRON-CANTON ALBANY COUNTY ALBUQUERQUE INTL ALLENTOWN-BETHEHEM AMARILLO ANCHORAGE INTL BALTO/WASH INTL ... WILLOW RUN
[1] BALTO/WASH INTL
134 Levels: ADAMS FIELD AKRON-CANTON ALBANY COUNTY ALBUQUERQUE INTL ALLENTOWN-BETHEHEM AMARILLO ANCHORAGE INTL BALTO/WASH INTL ... WILLOW RUN
[1] LOGAN INTL
134 Levels: ADAMS FIELD AKRON-CANTON ALBANY COUNTY ALBUQUERQUE INTL ALLENTOWN-BETHEHEM AMARILLO ANCHORAGE INTL BALTO/WASH INTL ... WILLOW RUN
[1] DOUGLAS MUNI
134 Levels: ADAMS FIELD AKRON-CANTON ALBANY COUNTY ALBUQUERQUE INTL ALLENTOWN-BETHEHEM AMARILLO ANCHORAGE INTL BALTO/WASH INTL ... WILLOW RUN
[1] MIDWAY
134 Levels: ADAMS FIELD AKRON-CANTON ALBANY COUNTY ALBUQUERQUE INTL ALLENTOWN-BETHEHEM AMARILLO ANCHORAGE INTL BALTO/WASH INTL ... WILLOW RUN
[1] O'HARE INTL
134 Levels: ADAMS FIELD AKRON-CANTON ALBANY COUNTY ALBUQUERQUE INTL ALLENTOWN-BETHEHEM AMARILLO ANCHORAGE INTL BALTO/WASH INTL ... WILLOW RUN
[1] DALLAS/FT WORTH INTL
134 Levels: ADAMS FIELD AKRON-CANTON ALBANY COUNTY ALBUQUERQUE INTL ALLENTOWN-BETHEHEM AMARILLO ANCHORAGE INTL BALTO/WASH INTL ... WILLOW RUN
[1] LOVE FIELD
134 Levels: ADAMS FIELD AKRON-CANTON ALBANY COUNTY ALBUQUERQUE INTL ALLENTOWN-BETHEHEM AMARILLO ANCHORAGE INTL BALTO/WASH INTL ... WILLOW RUN
[1] STAPLETON INTL
134 Levels: ADAMS FIELD AKRON-CANTON ALBANY COUNTY ALBUQUERQUE INTL ALLENTOWN-BETHEHEM AMARILLO ANCHORAGE INTL BALTO/WASH INTL ... WILLOW RUN
[1] DETROIT CITY
134 Levels: ADAMS FIELD AKRON-CANTON ALBANY COUNTY ALBUQUERQUE INTL ALLENTOWN-BETHEHEM AMARILLO ANCHORAGE INTL BALTO/WASH INTL ... WILLOW RUN
[1] WAYNE COUNTY
134 Levels: ADAMS FIELD AKRON-CANTON ALBANY COUNTY ALBUQUERQUE INTL ALLENTOWN-BETHEHEM AMARILLO ANCHORAGE INTL BALTO/WASH INTL ... WILLOW RUN
[1] HONOLULU INTL
134 Levels: ADAMS FIELD AKRON-CANTON ALBANY COUNTY ALBUQUERQUE INTL ALLENTOWN-BETHEHEM AMARILLO ANCHORAGE INTL BALTO/WASH INTL ... WILLOW RUN
[1] INTERCONTINENTAL
134 Levels: ADAMS FIELD AKRON-CANTON ALBANY COUNTY ALBUQUERQUE INTL ALLENTOWN-BETHEHEM AMARILLO ANCHORAGE INTL BALTO/WASH INTL ... WILLOW RUN
[1] HOBBY
134 Levels: ADAMS FIELD AKRON-CANTON ALBANY COUNTY ALBUQUERQUE INTL ALLENTOWN-BETHEHEM AMARILLO ANCHORAGE INTL BALTO/WASH INTL ... WILLOW RUN
[1] ELLINGTON FIELD
134 Levels: ADAMS FIELD AKRON-CANTON ALBANY COUNTY ALBUQUERQUE INTL ALLENTOWN-BETHEHEM AMARILLO ANCHORAGE INTL BALTO/WASH INTL ... WILLOW RUN
[1] HOLLYWOOD-BURBANK
134 Levels: ADAMS FIELD AKRON-CANTON ALBANY COUNTY ALBUQUERQUE INTL ALLENTOWN-BETHEHEM AMARILLO ANCHORAGE INTL BALTO/WASH INTL ... WILLOW RUN
[1] LONG BEACH
134 Levels: ADAMS FIELD AKRON-CANTON ALBANY COUNTY ALBUQUERQUE INTL ALLENTOWN-BETHEHEM AMARILLO ANCHORAGE INTL BALTO/WASH INTL ... WILLOW RUN
[1] LOS ANGELES INTL
134 Levels: ADAMS FIELD AKRON-CANTON ALBANY COUNTY ALBUQUERQUE INTL ALLENTOWN-BETHEHEM AMARILLO ANCHORAGE INTL BALTO/WASH INTL ... WILLOW RUN
[1] ORANGE COUNTY
134 Levels: ADAMS FIELD AKRON-CANTON ALBANY COUNTY ALBUQUERQUE INTL ALLENTOWN-BETHEHEM AMARILLO ANCHORAGE INTL BALTO/WASH INTL ... WILLOW RUN
[1] MINNEAPOLIS/ST PAUL
134 Levels: ADAMS FIELD AKRON-CANTON ALBANY COUNTY ALBUQUERQUE INTL ALLENTOWN-BETHEHEM AMARILLO ANCHORAGE INTL BALTO/WASH INTL ... WILLOW RUN
[1] NEWARK
134 Levels: ADAMS FIELD AKRON-CANTON ALBANY COUNTY ALBUQUERQUE INTL ALLENTOWN-BETHEHEM AMARILLO ANCHORAGE INTL BALTO/WASH INTL ... WILLOW RUN
[1] LA GUARDIA
134 Levels: ADAMS FIELD AKRON-CANTON ALBANY COUNTY ALBUQUERQUE INTL ALLENTOWN-BETHEHEM AMARILLO ANCHORAGE INTL BALTO/WASH INTL ... WILLOW RUN
[1] INTERNATIONAL
134 Levels: ADAMS FIELD AKRON-CANTON ALBANY COUNTY ALBUQUERQUE INTL ALLENTOWN-BETHEHEM AMARILLO ANCHORAGE INTL BALTO/WASH INTL ... WILLOW RUN
[1] SKY HARBOR INTL
134 Levels: ADAMS FIELD AKRON-CANTON ALBANY COUNTY ALBUQUERQUE INTL ALLENTOWN-BETHEHEM AMARILLO ANCHORAGE INTL BALTO/WASH INTL ... WILLOW RUN
[1] GREATER PITTSBURGH
134 Levels: ADAMS FIELD AKRON-CANTON ALBANY COUNTY ALBUQUERQUE INTL ALLENTOWN-BETHEHEM AMARILLO ANCHORAGE INTL BALTO/WASH INTL ... WILLOW RUN
[1] LAMBERT-ST LOUIS
134 Levels: ADAMS FIELD AKRON-CANTON ALBANY COUNTY ALBUQUERQUE INTL ALLENTOWN-BETHEHEM AMARILLO ANCHORAGE INTL BALTO/WASH INTL ... WILLOW RUN
[1] SAN DIEGO INTL
134 Levels: ADAMS FIELD AKRON-CANTON ALBANY COUNTY ALBUQUERQUE INTL ALLENTOWN-BETHEHEM AMARILLO ANCHORAGE INTL BALTO/WASH INTL ... WILLOW RUN
[1] BUCHANAN FIELD
134 Levels: ADAMS FIELD AKRON-CANTON ALBANY COUNTY ALBUQUERQUE INTL ALLENTOWN-BETHEHEM AMARILLO ANCHORAGE INTL BALTO/WASH INTL ... WILLOW RUN
[1] OAKLAND METRO INTL
134 Levels: ADAMS FIELD AKRON-CANTON ALBANY COUNTY ALBUQUERQUE INTL ALLENTOWN-BETHEHEM AMARILLO ANCHORAGE INTL BALTO/WASH INTL ... WILLOW RUN
[1] SAN FRANCISCO INTL
134 Levels: ADAMS FIELD AKRON-CANTON ALBANY COUNTY ALBUQUERQUE INTL ALLENTOWN-BETHEHEM AMARILLO ANCHORAGE INTL BALTO/WASH INTL ... WILLOW RUN
[1] SEATTLE-TACOMA INTL
134 Levels: ADAMS FIELD AKRON-CANTON ALBANY COUNTY ALBUQUERQUE INTL ALLENTOWN-BETHEHEM AMARILLO ANCHORAGE INTL BALTO/WASH INTL ... WILLOW RUN
[1] TAMPA INTL
134 Levels: ADAMS FIELD AKRON-CANTON ALBANY COUNTY ALBUQUERQUE INTL ALLENTOWN-BETHEHEM AMARILLO ANCHORAGE INTL BALTO/WASH INTL ... WILLOW RUN
[1] DULLES INTL
134 Levels: ADAMS FIELD AKRON-CANTON ALBANY COUNTY ALBUQUERQUE INTL ALLENTOWN-BETHEHEM AMARILLO ANCHORAGE INTL BALTO/WASH INTL ... WILLOW RUN
[1] WASHINGTON NATIONAL
134 Levels: ADAMS FIELD AKRON-CANTON ALBANY COUNTY ALBUQUERQUE INTL ALLENTOWN-BETHEHEM AMARILLO ANCHORAGE INTL BALTO/WASH INTL ... WILLOW RUN
[1] ALBUQUERQUE INTL
134 Levels: ADAMS FIELD AKRON-CANTON ALBANY COUNTY ALBUQUERQUE INTL ALLENTOWN-BETHEHEM AMARILLO ANCHORAGE INTL BALTO/WASH INTL ... WILLOW RUN
[1] MUELLER MUNI
134 Levels: ADAMS FIELD AKRON-CANTON ALBANY COUNTY ALBUQUERQUE INTL ALLENTOWN-BETHEHEM AMARILLO ANCHORAGE INTL BALTO/WASH INTL ... WILLOW RUN
[1] GREATER BUFFALO INTL
134 Levels: ADAMS FIELD AKRON-CANTON ALBANY COUNTY ALBUQUERQUE INTL ALLENTOWN-BETHEHEM AMARILLO ANCHORAGE INTL BALTO/WASH INTL ... WILLOW RUN
[1] GREATER CINCINNATI
134 Levels: ADAMS FIELD AKRON-CANTON ALBANY COUNTY ALBUQUERQUE INTL ALLENTOWN-BETHEHEM AMARILLO ANCHORAGE INTL BALTO/WASH INTL ... WILLOW RUN
[1] HOPKINS INTL
134 Levels: ADAMS FIELD AKRON-CANTON ALBANY COUNTY ALBUQUERQUE INTL ALLENTOWN-BETHEHEM AMARILLO ANCHORAGE INTL BALTO/WASH INTL ... WILLOW RUN
[1] PORT COLUMBUS INTL
134 Levels: ADAMS FIELD AKRON-CANTON ALBANY COUNTY ALBUQUERQUE INTL ALLENTOWN-BETHEHEM AMARILLO ANCHORAGE INTL BALTO/WASH INTL ... WILLOW RUN
[1] COX/DAYTON INTL
134 Levels: ADAMS FIELD AKRON-CANTON ALBANY COUNTY ALBUQUERQUE INTL ALLENTOWN-BETHEHEM AMARILLO ANCHORAGE INTL BALTO/WASH INTL ... WILLOW RUN
[1] EL PASO INTL
134 Levels: ADAMS FIELD AKRON-CANTON ALBANY COUNTY ALBUQUERQUE INTL ALLENTOWN-BETHEHEM AMARILLO ANCHORAGE INTL BALTO/WASH INTL ... WILLOW RUN
[1] BRADLEY INTL
134 Levels: ADAMS FIELD AKRON-CANTON ALBANY COUNTY ALBUQUERQUE INTL ALLENTOWN-BETHEHEM AMARILLO ANCHORAGE INTL BALTO/WASH INTL ... WILLOW RUN
[1] JACKSONVILLE INTL
134 Levels: ADAMS FIELD AKRON-CANTON ALBANY COUNTY ALBUQUERQUE INTL ALLENTOWN-BETHEHEM AMARILLO ANCHORAGE INTL BALTO/WASH INTL ... WILLOW RUN
[1] KAHULUI
134 Levels: ADAMS FIELD AKRON-CANTON ALBANY COUNTY ALBUQUERQUE INTL ALLENTOWN-BETHEHEM AMARILLO ANCHORAGE INTL BALTO/WASH INTL ... WILLOW RUN
[1] INTERNATIONAL
134 Levels: ADAMS FIELD AKRON-CANTON ALBANY COUNTY ALBUQUERQUE INTL ALLENTOWN-BETHEHEM AMARILLO ANCHORAGE INTL BALTO/WASH INTL ... WILLOW RUN
[1] LIHUE
134 Levels: ADAMS FIELD AKRON-CANTON ALBANY COUNTY ALBUQUERQUE INTL ALLENTOWN-BETHEHEM AMARILLO ANCHORAGE INTL BALTO/WASH INTL ... WILLOW RUN
[1] MEMPHIS INTL
134 Levels: ADAMS FIELD AKRON-CANTON ALBANY COUNTY ALBUQUERQUE INTL ALLENTOWN-BETHEHEM AMARILLO ANCHORAGE INTL BALTO/WASH INTL ... WILLOW RUN
[1] GENERAL MITCHELL
134 Levels: ADAMS FIELD AKRON-CANTON ALBANY COUNTY ALBUQUERQUE INTL ALLENTOWN-BETHEHEM AMARILLO ANCHORAGE INTL BALTO/WASH INTL ... WILLOW RUN
[1] METROPOLITAN
134 Levels: ADAMS FIELD AKRON-CANTON ALBANY COUNTY ALBUQUERQUE INTL ALLENTOWN-BETHEHEM AMARILLO ANCHORAGE INTL BALTO/WASH INTL ... WILLOW RUN
[1] INTL/MOISANT FIELD
134 Levels: ADAMS FIELD AKRON-CANTON ALBANY COUNTY ALBUQUERQUE INTL ALLENTOWN-BETHEHEM AMARILLO ANCHORAGE INTL BALTO/WASH INTL ... WILLOW RUN
[1] NORFOLK REGIONAL
134 Levels: ADAMS FIELD AKRON-CANTON ALBANY COUNTY ALBUQUERQUE INTL ALLENTOWN-BETHEHEM AMARILLO ANCHORAGE INTL BALTO/WASH INTL ... WILLOW RUN
[1] WILL ROGERS WORLD
134 Levels: ADAMS FIELD AKRON-CANTON ALBANY COUNTY ALBUQUERQUE INTL ALLENTOWN-BETHEHEM AMARILLO ANCHORAGE INTL BALTO/WASH INTL ... WILLOW RUN
[1] ONTARIO INTL
134 Levels: ADAMS FIELD AKRON-CANTON ALBANY COUNTY ALBUQUERQUE INTL ALLENTOWN-BETHEHEM AMARILLO ANCHORAGE INTL BALTO/WASH INTL ... WILLOW RUN
[1] PORTLAND INTL
134 Levels: ADAMS FIELD AKRON-CANTON ALBANY COUNTY ALBUQUERQUE INTL ALLENTOWN-BETHEHEM AMARILLO ANCHORAGE INTL BALTO/WASH INTL ... WILLOW RUN
[1] RALEIGH-DURHAM
134 Levels: ADAMS FIELD AKRON-CANTON ALBANY COUNTY ALBUQUERQUE INTL ALLENTOWN-BETHEHEM AMARILLO ANCHORAGE INTL BALTO/WASH INTL ... WILLOW RUN
[1] RENO INTL
134 Levels: ADAMS FIELD AKRON-CANTON ALBANY COUNTY ALBUQUERQUE INTL ALLENTOWN-BETHEHEM AMARILLO ANCHORAGE INTL BALTO/WASH INTL ... WILLOW RUN
[1] ROCHESTER-MONROE CTY
134 Levels: ADAMS FIELD AKRON-CANTON ALBANY COUNTY ALBUQUERQUE INTL ALLENTOWN-BETHEHEM AMARILLO ANCHORAGE INTL BALTO/WASH INTL ... WILLOW RUN
[1] SACRAMENTO METRO
134 Levels: ADAMS FIELD AKRON-CANTON ALBANY COUNTY ALBUQUERQUE INTL ALLENTOWN-BETHEHEM AMARILLO ANCHORAGE INTL BALTO/WASH INTL ... WILLOW RUN
[1] SAN ANTONIO INTL
134 Levels: ADAMS FIELD AKRON-CANTON ALBANY COUNTY ALBUQUERQUE INTL ALLENTOWN-BETHEHEM AMARILLO ANCHORAGE INTL BALTO/WASH INTL ... WILLOW RUN
[1] SAN JOSE MUNI
134 Levels: ADAMS FIELD AKRON-CANTON ALBANY COUNTY ALBUQUERQUE INTL ALLENTOWN-BETHEHEM AMARILLO ANCHORAGE INTL BALTO/WASH INTL ... WILLOW RUN
[1] HANCOCK
134 Levels: ADAMS FIELD AKRON-CANTON ALBANY COUNTY ALBUQUERQUE INTL ALLENTOWN-BETHEHEM AMARILLO ANCHORAGE INTL BALTO/WASH INTL ... WILLOW RUN
[1] TUCSON INTL
134 Levels: ADAMS FIELD AKRON-CANTON ALBANY COUNTY ALBUQUERQUE INTL ALLENTOWN-BETHEHEM AMARILLO ANCHORAGE INTL BALTO/WASH INTL ... WILLOW RUN
[1] TULSA INTL
134 Levels: ADAMS FIELD AKRON-CANTON ALBANY COUNTY ALBUQUERQUE INTL ALLENTOWN-BETHEHEM AMARILLO ANCHORAGE INTL BALTO/WASH INTL ... WILLOW RUN
[1] PALM BEACH INTL
134 Levels: ADAMS FIELD AKRON-CANTON ALBANY COUNTY ALBUQUERQUE INTL ALLENTOWN-BETHEHEM AMARILLO ANCHORAGE INTL BALTO/WASH INTL ... WILLOW RUN
[1] AKRON-CANTON
134 Levels: ADAMS FIELD AKRON-CANTON ALBANY COUNTY ALBUQUERQUE INTL ALLENTOWN-BETHEHEM AMARILLO ANCHORAGE INTL BALTO/WASH INTL ... WILLOW RUN
[1] ALBANY COUNTY
134 Levels: ADAMS FIELD AKRON-CANTON ALBANY COUNTY ALBUQUERQUE INTL ALLENTOWN-BETHEHEM AMARILLO ANCHORAGE INTL BALTO/WASH INTL ... WILLOW RUN
[1] ALLENTOWN-BETHEHEM
134 Levels: ADAMS FIELD AKRON-CANTON ALBANY COUNTY ALBUQUERQUE INTL ALLENTOWN-BETHEHEM AMARILLO ANCHORAGE INTL BALTO/WASH INTL ... WILLOW RUN
[1] AMARILLO
134 Levels: ADAMS FIELD AKRON-CANTON ALBANY COUNTY ALBUQUERQUE INTL ALLENTOWN-BETHEHEM AMARILLO ANCHORAGE INTL BALTO/WASH INTL ... WILLOW RUN
[1] RYAN
134 Levels: ADAMS FIELD AKRON-CANTON ALBANY COUNTY ALBUQUERQUE INTL ALLENTOWN-BETHEHEM AMARILLO ANCHORAGE INTL BALTO/WASH INTL ... WILLOW RUN
[1] LOGAN FIELD
134 Levels: ADAMS FIELD AKRON-CANTON ALBANY COUNTY ALBUQUERQUE INTL ALLENTOWN-BETHEHEM AMARILLO ANCHORAGE INTL BALTO/WASH INTL ... WILLOW RUN
[1] BIRMINGHAM MUNI
134 Levels: ADAMS FIELD AKRON-CANTON ALBANY COUNTY ALBUQUERQUE INTL ALLENTOWN-BETHEHEM AMARILLO ANCHORAGE INTL BALTO/WASH INTL ... WILLOW RUN
[1] BOISE AIR TERMINAL
134 Levels: ADAMS FIELD AKRON-CANTON ALBANY COUNTY ALBUQUERQUE INTL ALLENTOWN-BETHEHEM AMARILLO ANCHORAGE INTL BALTO/WASH INTL ... WILLOW RUN
[1] HARLINGEN INDUSTRIAL
134 Levels: ADAMS FIELD AKRON-CANTON ALBANY COUNTY ALBUQUERQUE INTL ALLENTOWN-BETHEHEM AMARILLO ANCHORAGE INTL BALTO/WASH INTL ... WILLOW RUN
[1] BURLINGTON INTL
134 Levels: ADAMS FIELD AKRON-CANTON ALBANY COUNTY ALBUQUERQUE INTL ALLENTOWN-BETHEHEM AMARILLO ANCHORAGE INTL BALTO/WASH INTL ... WILLOW RUN
[1] CEDAR RAPIDS MUNI
134 Levels: ADAMS FIELD AKRON-CANTON ALBANY COUNTY ALBUQUERQUE INTL ALLENTOWN-BETHEHEM AMARILLO ANCHORAGE INTL BALTO/WASH INTL ... WILLOW RUN
[1] CHARLESTON AFB/MUNI
134 Levels: ADAMS FIELD AKRON-CANTON ALBANY COUNTY ALBUQUERQUE INTL ALLENTOWN-BETHEHEM AMARILLO ANCHORAGE INTL BALTO/WASH INTL ... WILLOW RUN
[1] LOVELL FIELD
134 Levels: ADAMS FIELD AKRON-CANTON ALBANY COUNTY ALBUQUERQUE INTL ALLENTOWN-BETHEHEM AMARILLO ANCHORAGE INTL BALTO/WASH INTL ... WILLOW RUN
[1] PETERSON FIELD
134 Levels: ADAMS FIELD AKRON-CANTON ALBANY COUNTY ALBUQUERQUE INTL ALLENTOWN-BETHEHEM AMARILLO ANCHORAGE INTL BALTO/WASH INTL ... WILLOW RUN
[1] COLUMBIA METRO
134 Levels: ADAMS FIELD AKRON-CANTON ALBANY COUNTY ALBUQUERQUE INTL ALLENTOWN-BETHEHEM AMARILLO ANCHORAGE INTL BALTO/WASH INTL ... WILLOW RUN
[1] CORPUS CHRISTI INTL
134 Levels: ADAMS FIELD AKRON-CANTON ALBANY COUNTY ALBUQUERQUE INTL ALLENTOWN-BETHEHEM AMARILLO ANCHORAGE INTL BALTO/WASH INTL ... WILLOW RUN
[1] DES MOINES MUNI
134 Levels: ADAMS FIELD AKRON-CANTON ALBANY COUNTY ALBUQUERQUE INTL ALLENTOWN-BETHEHEM AMARILLO ANCHORAGE INTL BALTO/WASH INTL ... WILLOW RUN
[1] MAHLON SWEET FIELD
134 Levels: ADAMS FIELD AKRON-CANTON ALBANY COUNTY ALBUQUERQUE INTL ALLENTOWN-BETHEHEM AMARILLO ANCHORAGE INTL BALTO/WASH INTL ... WILLOW RUN
[1] FAIRBANKS INTL
134 Levels: ADAMS FIELD AKRON-CANTON ALBANY COUNTY ALBUQUERQUE INTL ALLENTOWN-BETHEHEM AMARILLO ANCHORAGE INTL BALTO/WASH INTL ... WILLOW RUN
[1] MUNI/BAER FIELD
134 Levels: ADAMS FIELD AKRON-CANTON ALBANY COUNTY ALBUQUERQUE INTL ALLENTOWN-BETHEHEM AMARILLO ANCHORAGE INTL BALTO/WASH INTL ... WILLOW RUN
[1] FRESNO AIR TERMINAL
134 Levels: ADAMS FIELD AKRON-CANTON ALBANY COUNTY ALBUQUERQUE INTL ALLENTOWN-BETHEHEM AMARILLO ANCHORAGE INTL BALTO/WASH INTL ... WILLOW RUN
[1] KENT COUNTY
134 Levels: ADAMS FIELD AKRON-CANTON ALBANY COUNTY ALBUQUERQUE INTL ALLENTOWN-BETHEHEM AMARILLO ANCHORAGE INTL BALTO/WASH INTL ... WILLOW RUN
[1] GREENSBORO-HP-WS REG
134 Levels: ADAMS FIELD AKRON-CANTON ALBANY COUNTY ALBUQUERQUE INTL ALLENTOWN-BETHEHEM AMARILLO ANCHORAGE INTL BALTO/WASH INTL ... WILLOW RUN
[1] GREENVILLE/SPARTANBG
134 Levels: ADAMS FIELD AKRON-CANTON ALBANY COUNTY ALBUQUERQUE INTL ALLENTOWN-BETHEHEM AMARILLO ANCHORAGE INTL BALTO/WASH INTL ... WILLOW RUN
[1] HARRISBURG INTL
134 Levels: ADAMS FIELD AKRON-CANTON ALBANY COUNTY ALBUQUERQUE INTL ALLENTOWN-BETHEHEM AMARILLO ANCHORAGE INTL BALTO/WASH INTL ... WILLOW RUN
[1] MADISON COUNTY
134 Levels: ADAMS FIELD AKRON-CANTON ALBANY COUNTY ALBUQUERQUE INTL ALLENTOWN-BETHEHEM AMARILLO ANCHORAGE INTL BALTO/WASH INTL ... WILLOW RUN
[1] PALM SPRINGS MUNI
134 Levels: ADAMS FIELD AKRON-CANTON ALBANY COUNTY ALBUQUERQUE INTL ALLENTOWN-BETHEHEM AMARILLO ANCHORAGE INTL BALTO/WASH INTL ... WILLOW RUN
[1] LONG ISLAND-MCARTHUR
134 Levels: ADAMS FIELD AKRON-CANTON ALBANY COUNTY ALBUQUERQUE INTL ALLENTOWN-BETHEHEM AMARILLO ANCHORAGE INTL BALTO/WASH INTL ... WILLOW RUN
[1] THOMPSON FIELD
134 Levels: ADAMS FIELD AKRON-CANTON ALBANY COUNTY ALBUQUERQUE INTL ALLENTOWN-BETHEHEM AMARILLO ANCHORAGE INTL BALTO/WASH INTL ... WILLOW RUN
[1] KE-AHOLE
134 Levels: ADAMS FIELD AKRON-CANTON ALBANY COUNTY ALBUQUERQUE INTL ALLENTOWN-BETHEHEM AMARILLO ANCHORAGE INTL BALTO/WASH INTL ... WILLOW RUN
[1] MCGHEE TYSON
134 Levels: ADAMS FIELD AKRON-CANTON ALBANY COUNTY ALBUQUERQUE INTL ALLENTOWN-BETHEHEM AMARILLO ANCHORAGE INTL BALTO/WASH INTL ... WILLOW RUN
[1] BLUE GRASS
134 Levels: ADAMS FIELD AKRON-CANTON ALBANY COUNTY ALBUQUERQUE INTL ALLENTOWN-BETHEHEM AMARILLO ANCHORAGE INTL BALTO/WASH INTL ... WILLOW RUN
[1] ADAMS FIELD
134 Levels: ADAMS FIELD AKRON-CANTON ALBANY COUNTY ALBUQUERQUE INTL ALLENTOWN-BETHEHEM AMARILLO ANCHORAGE INTL BALTO/WASH INTL ... WILLOW RUN
[1] STANDIFORD FIELD
134 Levels: ADAMS FIELD AKRON-CANTON ALBANY COUNTY ALBUQUERQUE INTL ALLENTOWN-BETHEHEM AMARILLO ANCHORAGE INTL BALTO/WASH INTL ... WILLOW RUN
[1] LUBBOCK REGIONAL
134 Levels: ADAMS FIELD AKRON-CANTON ALBANY COUNTY ALBUQUERQUE INTL ALLENTOWN-BETHEHEM AMARILLO ANCHORAGE INTL BALTO/WASH INTL ... WILLOW RUN
[1] TRUAX FIELD
134 Levels: ADAMS FIELD AKRON-CANTON ALBANY COUNTY ALBUQUERQUE INTL ALLENTOWN-BETHEHEM AMARILLO ANCHORAGE INTL BALTO/WASH INTL ... WILLOW RUN
[1] MUNICIPAL
134 Levels: ADAMS FIELD AKRON-CANTON ALBANY COUNTY ALBUQUERQUE INTL ALLENTOWN-BETHEHEM AMARILLO ANCHORAGE INTL BALTO/WASH INTL ... WILLOW RUN
[1] CAPE KENNEDY REG
134 Levels: ADAMS FIELD AKRON-CANTON ALBANY COUNTY ALBUQUERQUE INTL ALLENTOWN-BETHEHEM AMARILLO ANCHORAGE INTL BALTO/WASH INTL ... WILLOW RUN
[1] MIDLAND REGIONAL
134 Levels: ADAMS FIELD AKRON-CANTON ALBANY COUNTY ALBUQUERQUE INTL ALLENTOWN-BETHEHEM AMARILLO ANCHORAGE INTL BALTO/WASH INTL ... WILLOW RUN
[1] BATES FIELD
134 Levels: ADAMS FIELD AKRON-CANTON ALBANY COUNTY ALBUQUERQUE INTL ALLENTOWN-BETHEHEM AMARILLO ANCHORAGE INTL BALTO/WASH INTL ... WILLOW RUN
[1] QUAD CITY
134 Levels: ADAMS FIELD AKRON-CANTON ALBANY COUNTY ALBUQUERQUE INTL ALLENTOWN-BETHEHEM AMARILLO ANCHORAGE INTL BALTO/WASH INTL ... WILLOW RUN
[1] PENSACOLA REGIONAL
134 Levels: ADAMS FIELD AKRON-CANTON ALBANY COUNTY ALBUQUERQUE INTL ALLENTOWN-BETHEHEM AMARILLO ANCHORAGE INTL BALTO/WASH INTL ... WILLOW RUN
[1] PORTLAND INTL JETPRT
134 Levels: ADAMS FIELD AKRON-CANTON ALBANY COUNTY ALBUQUERQUE INTL ALLENTOWN-BETHEHEM AMARILLO ANCHORAGE INTL BALTO/WASH INTL ... WILLOW RUN
[1] FRANCIS GREEN STATE
134 Levels: ADAMS FIELD AKRON-CANTON ALBANY COUNTY ALBUQUERQUE INTL ALLENTOWN-BETHEHEM AMARILLO ANCHORAGE INTL BALTO/WASH INTL ... WILLOW RUN
[1] BYRD FLYING FIELD
134 Levels: ADAMS FIELD AKRON-CANTON ALBANY COUNTY ALBUQUERQUE INTL ALLENTOWN-BETHEHEM AMARILLO ANCHORAGE INTL BALTO/WASH INTL ... WILLOW RUN
[1] ROANOKE MUNI
134 Levels: ADAMS FIELD AKRON-CANTON ALBANY COUNTY ALBUQUERQUE INTL ALLENTOWN-BETHEHEM AMARILLO ANCHORAGE INTL BALTO/WASH INTL ... WILLOW RUN
[1] TRI CITY
134 Levels: ADAMS FIELD AKRON-CANTON ALBANY COUNTY ALBUQUERQUE INTL ALLENTOWN-BETHEHEM AMARILLO ANCHORAGE INTL BALTO/WASH INTL ... WILLOW RUN
[1] SANTA BARBARA
134 Levels: ADAMS FIELD AKRON-CANTON ALBANY COUNTY ALBUQUERQUE INTL ALLENTOWN-BETHEHEM AMARILLO ANCHORAGE INTL BALTO/WASH INTL ... WILLOW RUN
[1] SARASOTA-BRADENTON
134 Levels: ADAMS FIELD AKRON-CANTON ALBANY COUNTY ALBUQUERQUE INTL ALLENTOWN-BETHEHEM AMARILLO ANCHORAGE INTL BALTO/WASH INTL ... WILLOW RUN
[1] SAVANNAH INTL
134 Levels: ADAMS FIELD AKRON-CANTON ALBANY COUNTY ALBUQUERQUE INTL ALLENTOWN-BETHEHEM AMARILLO ANCHORAGE INTL BALTO/WASH INTL ... WILLOW RUN
[1] FOSS FIELD
134 Levels: ADAMS FIELD AKRON-CANTON ALBANY COUNTY ALBUQUERQUE INTL ALLENTOWN-BETHEHEM AMARILLO ANCHORAGE INTL BALTO/WASH INTL ... WILLOW RUN
[1] MICHIANA REGIONAL
134 Levels: ADAMS FIELD AKRON-CANTON ALBANY COUNTY ALBUQUERQUE INTL ALLENTOWN-BETHEHEM AMARILLO ANCHORAGE INTL BALTO/WASH INTL ... WILLOW RUN
[1] SPOKANE INTL
134 Levels: ADAMS FIELD AKRON-CANTON ALBANY COUNTY ALBUQUERQUE INTL ALLENTOWN-BETHEHEM AMARILLO ANCHORAGE INTL BALTO/WASH INTL ... WILLOW RUN
[1] TALLAHASSEE REGIONAL
134 Levels: ADAMS FIELD AKRON-CANTON ALBANY COUNTY ALBUQUERQUE INTL ALLENTOWN-BETHEHEM AMARILLO ANCHORAGE INTL BALTO/WASH INTL ... WILLOW RUN
[1] MID-CONTINENT
134 Levels: ADAMS FIELD AKRON-CANTON ALBANY COUNTY ALBUQUERQUE INTL ALLENTOWN-BETHEHEM AMARILLO ANCHORAGE INTL BALTO/WASH INTL ... WILLOW RUN
> passenger_mean = passenger_total / airport_count
> sprintf ("PASSENGER TOTAL = %i", passenger_total)
[1] "PASSENGER TOTAL = 561432"
> sprintf ("AIRPORT COUNT = %i", airport_count)
[1] "AIRPORT COUNT = 120"
> sprintf ("PASSENGER MEAN = %5.1f", passenger_mean)
[1] "PASSENGER MEAN = 4678.6"
> 
